This is pdfTeX, Version 3.14159265-2.6-1.40.21 (MiKTeX 20.6.29) (preloaded format=pdflatex 2020.9.22)  22 SEP 2020 11:29
entering extended mode
**./FullProposalMD.tex
(FullProposalMD.tex
LaTeX2e <2020-02-02> patch level 5
L3 programming layer <2020-06-18>
(C:\Users\mbd\AppData\Local\Programs\MiKTeX\tex/latex/base\article.cls
Document Class: article 2019/12/20 v1.4l Standard LaTeX document class
(C:\Users\mbd\AppData\Local\Programs\MiKTeX\tex/latex/base\size12.clo
File: size12.clo 2019/12/20 v1.4l Standard LaTeX file (size option)
)
\c@part=\count167
\c@section=\count168
\c@subsection=\count169
\c@subsubsection=\count170
\c@paragraph=\count171
\c@subparagraph=\count172
\c@figure=\count173
\c@table=\count174
\abovecaptionskip=\skip47
\belowcaptionskip=\skip48
\bibindent=\dimen134
)
(C:\Users\mbd\AppData\Local\Programs\MiKTeX\tex/generic/babel\babel.sty
Package: babel 2020/06/10 3.45 The Babel package

(C:\Users\mbd\AppData\Local\Programs\MiKTeX\tex/generic/babel\babel.def
File: babel.def 2020/06/10 3.45 Babel common definitions
\babel@savecnt=\count175
\U@D=\dimen135
\l@babelnohyphens=\language79

(C:\Users\mbd\AppData\Local\Programs\MiKTeX\tex/generic/babel\txtbabel.def)
\bbl@readstream=\read2
)
\bbl@dirlevel=\count176

*************************************
* Local config file bblopts.cfg used
*
(C:\Users\mbd\AppData\Local\Programs\MiKTeX\tex/latex/arabi\bblopts.cfg
File: bblopts.cfg 2005/09/08 v0.1 add Arabic and Farsi to "declared" options of
 babel
)
(C:\Users\mbd\AppData\Local\Programs\MiKTeX\tex/latex/babel-english\english.ldf
Language: english 2017/06/06 v3.3r English support from the babel system
Package babel Info: \l@canadian = using hyphenrules for english
(babel)             (\language0) on input line 102.
Package babel Info: \l@australian = using hyphenrules for ukenglish
(babel)             (\language73) on input line 105.
Package babel Info: \l@newzealand = using hyphenrules for ukenglish
(babel)             (\language73) on input line 108.
)) (C:\Users\mbd\AppData\Local\Programs\MiKTeX\tex/latex/base\inputenc.sty
Package: inputenc 2018/08/11 v1.3c Input encoding file
\inpenc@prehook=\toks15
\inpenc@posthook=\toks16
)
(C:\Users\mbd\AppData\Local\Programs\MiKTeX\tex/latex/amsmath\amsmath.sty
Package: amsmath 2020/01/20 v2.17e AMS math features
\@mathmargin=\skip49

For additional information on amsmath, use the `?' option.
(C:\Users\mbd\AppData\Local\Programs\MiKTeX\tex/latex/amsmath\amstext.sty
Package: amstext 2000/06/29 v2.01 AMS text

(C:\Users\mbd\AppData\Local\Programs\MiKTeX\tex/latex/amsmath\amsgen.sty
File: amsgen.sty 1999/11/30 v2.0 generic functions
\@emptytoks=\toks17
\ex@=\dimen136
))
(C:\Users\mbd\AppData\Local\Programs\MiKTeX\tex/latex/amsmath\amsbsy.sty
Package: amsbsy 1999/11/29 v1.2d Bold Symbols
\pmbraise@=\dimen137
)
(C:\Users\mbd\AppData\Local\Programs\MiKTeX\tex/latex/amsmath\amsopn.sty
Package: amsopn 2016/03/08 v2.02 operator names
)
\inf@bad=\count177
LaTeX Info: Redefining \frac on input line 227.
\uproot@=\count178
\leftroot@=\count179
LaTeX Info: Redefining \overline on input line 389.
\classnum@=\count180
\DOTSCASE@=\count181
LaTeX Info: Redefining \ldots on input line 486.
LaTeX Info: Redefining \dots on input line 489.
LaTeX Info: Redefining \cdots on input line 610.
\Mathstrutbox@=\box45
\strutbox@=\box46
\big@size=\dimen138
LaTeX Font Info:    Redeclaring font encoding OML on input line 733.
LaTeX Font Info:    Redeclaring font encoding OMS on input line 734.
\macc@depth=\count182
\c@MaxMatrixCols=\count183
\dotsspace@=\muskip16
\c@parentequation=\count184
\dspbrk@lvl=\count185
\tag@help=\toks18
\row@=\count186
\column@=\count187
\maxfields@=\count188
\andhelp@=\toks19
\eqnshift@=\dimen139
\alignsep@=\dimen140
\tagshift@=\dimen141
\tagwidth@=\dimen142
\totwidth@=\dimen143
\lineht@=\dimen144
\@envbody=\toks20
\multlinegap=\skip50
\multlinetaggap=\skip51
\mathdisplay@stack=\toks21
LaTeX Info: Redefining \[ on input line 2859.
LaTeX Info: Redefining \] on input line 2860.
)
(C:\Users\mbd\AppData\Local\Programs\MiKTeX\tex/latex/graphics\graphicx.sty
Package: graphicx 2019/11/30 v1.2a Enhanced LaTeX Graphics (DPC,SPQR)

(C:\Users\mbd\AppData\Local\Programs\MiKTeX\tex/latex/graphics\keyval.sty
Package: keyval 2014/10/28 v1.15 key=value parser (DPC)
\KV@toks@=\toks22
)
(C:\Users\mbd\AppData\Local\Programs\MiKTeX\tex/latex/graphics\graphics.sty
Package: graphics 2019/11/30 v1.4a Standard LaTeX Graphics (DPC,SPQR)

(C:\Users\mbd\AppData\Local\Programs\MiKTeX\tex/latex/graphics\trig.sty
Package: trig 2016/01/03 v1.10 sin cos tan (DPC)
)
(C:\Users\mbd\AppData\Local\Programs\MiKTeX\tex/latex/graphics-cfg\graphics.cfg
File: graphics.cfg 2016/06/04 v1.11 sample graphics configuration
)
Package graphics Info: Driver file: pdftex.def on input line 105.
 (C:\Users\mbd\AppData\Local\Programs\MiKTeX\tex/latex/graphics-def\pdftex.def
File: pdftex.def 2018/01/08 v1.0l Graphics/color driver for pdftex
))
\Gin@req@height=\dimen145
\Gin@req@width=\dimen146
)
(C:\Users\mbd\AppData\Local\Programs\MiKTeX\tex/latex/todonotes\todonotes.sty
Package: todonotes 2020/08/18 v1.1.3 Todonotes source and documentation.
Package: todonotes 2018/11/22

(C:\Users\mbd\AppData\Local\Programs\MiKTeX\tex/latex/base\ifthen.sty
Package: ifthen 2014/09/29 v1.1c Standard LaTeX ifthen package (DPC)
)
(C:\Users\mbd\AppData\Local\Programs\MiKTeX\tex/latex/xkeyval\xkeyval.sty
Package: xkeyval 2014/12/03 v2.7a package option processing (HA)

(C:\Users\mbd\AppData\Local\Programs\MiKTeX\tex/generic/xkeyval\xkeyval.tex
(C:\Users\mbd\AppData\Local\Programs\MiKTeX\tex/generic/xkeyval\xkvutils.tex
\XKV@toks=\toks23
\XKV@tempa@toks=\toks24
)
\XKV@depth=\count189
File: xkeyval.tex 2014/12/03 v2.7a key=value parser (HA)
)) (C:\Users\mbd\AppData\Local\Programs\MiKTeX\tex/latex/xcolor\xcolor.sty
Package: xcolor 2016/05/11 v2.12 LaTeX color extensions (UK)

(C:\Users\mbd\AppData\Local\Programs\MiKTeX\tex/latex/graphics-cfg\color.cfg
File: color.cfg 2016/01/02 v1.6 sample color configuration
)
Package xcolor Info: Driver file: pdftex.def on input line 225.
Package xcolor Info: Model `cmy' substituted by `cmy0' on input line 1348.
Package xcolor Info: Model `hsb' substituted by `rgb' on input line 1352.
Package xcolor Info: Model `RGB' extended on input line 1364.
Package xcolor Info: Model `HTML' substituted by `rgb' on input line 1366.
Package xcolor Info: Model `Hsb' substituted by `hsb' on input line 1367.
Package xcolor Info: Model `tHsb' substituted by `hsb' on input line 1368.
Package xcolor Info: Model `HSB' substituted by `hsb' on input line 1369.
Package xcolor Info: Model `Gray' substituted by `gray' on input line 1370.
Package xcolor Info: Model `wave' substituted by `hsb' on input line 1371.
)
(C:\Users\mbd\AppData\Local\Programs\MiKTeX\tex/latex/pgf/frontendlayer\tikz.st
y (C:\Users\mbd\AppData\Local\Programs\MiKTeX\tex/latex/pgf/basiclayer\pgf.sty
(C:\Users\mbd\AppData\Local\Programs\MiKTeX\tex/latex/pgf/utilities\pgfrcs.sty
(C:\Users\mbd\AppData\Local\Programs\MiKTeX\tex/generic/pgf/utilities\pgfutil-c
ommon.tex
\pgfutil@everybye=\toks25
\pgfutil@tempdima=\dimen147
\pgfutil@tempdimb=\dimen148

(C:\Users\mbd\AppData\Local\Programs\MiKTeX\tex/generic/pgf/utilities\pgfutil-c
ommon-lists.tex))
(C:\Users\mbd\AppData\Local\Programs\MiKTeX\tex/generic/pgf/utilities\pgfutil-l
atex.def
\pgfutil@abb=\box47
 (C:\Users\mbd\AppData\Local\Programs\MiKTeX\tex/latex/ms\everyshi.sty
Package: everyshi 2001/05/15 v3.00 EveryShipout Package (MS)
))
(C:\Users\mbd\AppData\Local\Programs\MiKTeX\tex/generic/pgf/utilities\pgfrcs.co
de.tex
(C:\Users\mbd\AppData\Local\Programs\MiKTeX\tex/generic/pgf\pgf.revision.tex)
Package: pgfrcs 2020/01/08 v3.1.5b (3.1.5b)
))
Package: pgf 2020/01/08 v3.1.5b (3.1.5b)

(C:\Users\mbd\AppData\Local\Programs\MiKTeX\tex/latex/pgf/basiclayer\pgfcore.st
y
(C:\Users\mbd\AppData\Local\Programs\MiKTeX\tex/latex/pgf/systemlayer\pgfsys.st
y
(C:\Users\mbd\AppData\Local\Programs\MiKTeX\tex/generic/pgf/systemlayer\pgfsys.
code.tex
Package: pgfsys 2020/01/08 v3.1.5b (3.1.5b)

(C:\Users\mbd\AppData\Local\Programs\MiKTeX\tex/generic/pgf/utilities\pgfkeys.c
ode.tex
\pgfkeys@pathtoks=\toks26
\pgfkeys@temptoks=\toks27

(C:\Users\mbd\AppData\Local\Programs\MiKTeX\tex/generic/pgf/utilities\pgfkeysfi
ltered.code.tex
\pgfkeys@tmptoks=\toks28
))
\pgf@x=\dimen149
\pgf@y=\dimen150
\pgf@xa=\dimen151
\pgf@ya=\dimen152
\pgf@xb=\dimen153
\pgf@yb=\dimen154
\pgf@xc=\dimen155
\pgf@yc=\dimen156
\pgf@xd=\dimen157
\pgf@yd=\dimen158
\w@pgf@writea=\write3
\r@pgf@reada=\read3
\c@pgf@counta=\count190
\c@pgf@countb=\count191
\c@pgf@countc=\count192
\c@pgf@countd=\count193
\t@pgf@toka=\toks29
\t@pgf@tokb=\toks30
\t@pgf@tokc=\toks31
\pgf@sys@id@count=\count194

(C:\Users\mbd\AppData\Local\Programs\MiKTeX\tex/generic/pgf/systemlayer\pgf.cfg
File: pgf.cfg 2020/01/08 v3.1.5b (3.1.5b)
)
Driver file for pgf: pgfsys-pdftex.def

(C:\Users\mbd\AppData\Local\Programs\MiKTeX\tex/generic/pgf/systemlayer\pgfsys-
pdftex.def
File: pgfsys-pdftex.def 2020/01/08 v3.1.5b (3.1.5b)

(C:\Users\mbd\AppData\Local\Programs\MiKTeX\tex/generic/pgf/systemlayer\pgfsys-
common-pdf.def
File: pgfsys-common-pdf.def 2020/01/08 v3.1.5b (3.1.5b)
)))
(C:\Users\mbd\AppData\Local\Programs\MiKTeX\tex/generic/pgf/systemlayer\pgfsyss
oftpath.code.tex
File: pgfsyssoftpath.code.tex 2020/01/08 v3.1.5b (3.1.5b)
\pgfsyssoftpath@smallbuffer@items=\count195
\pgfsyssoftpath@bigbuffer@items=\count196
)
(C:\Users\mbd\AppData\Local\Programs\MiKTeX\tex/generic/pgf/systemlayer\pgfsysp
rotocol.code.tex
File: pgfsysprotocol.code.tex 2020/01/08 v3.1.5b (3.1.5b)
))
(C:\Users\mbd\AppData\Local\Programs\MiKTeX\tex/generic/pgf/basiclayer\pgfcore.
code.tex
Package: pgfcore 2020/01/08 v3.1.5b (3.1.5b)

(C:\Users\mbd\AppData\Local\Programs\MiKTeX\tex/generic/pgf/math\pgfmath.code.t
ex
(C:\Users\mbd\AppData\Local\Programs\MiKTeX\tex/generic/pgf/math\pgfmathcalc.co
de.tex
(C:\Users\mbd\AppData\Local\Programs\MiKTeX\tex/generic/pgf/math\pgfmathutil.co
de.tex)
(C:\Users\mbd\AppData\Local\Programs\MiKTeX\tex/generic/pgf/math\pgfmathparser.
code.tex
\pgfmath@dimen=\dimen159
\pgfmath@count=\count197
\pgfmath@box=\box48
\pgfmath@toks=\toks32
\pgfmath@stack@operand=\toks33
\pgfmath@stack@operation=\toks34
)
(C:\Users\mbd\AppData\Local\Programs\MiKTeX\tex/generic/pgf/math\pgfmathfunctio
ns.code.tex
(C:\Users\mbd\AppData\Local\Programs\MiKTeX\tex/generic/pgf/math\pgfmathfunctio
ns.basic.code.tex)
(C:\Users\mbd\AppData\Local\Programs\MiKTeX\tex/generic/pgf/math\pgfmathfunctio
ns.trigonometric.code.tex)
(C:\Users\mbd\AppData\Local\Programs\MiKTeX\tex/generic/pgf/math\pgfmathfunctio
ns.random.code.tex)
(C:\Users\mbd\AppData\Local\Programs\MiKTeX\tex/generic/pgf/math\pgfmathfunctio
ns.comparison.code.tex)
(C:\Users\mbd\AppData\Local\Programs\MiKTeX\tex/generic/pgf/math\pgfmathfunctio
ns.base.code.tex)
(C:\Users\mbd\AppData\Local\Programs\MiKTeX\tex/generic/pgf/math\pgfmathfunctio
ns.round.code.tex)
(C:\Users\mbd\AppData\Local\Programs\MiKTeX\tex/generic/pgf/math\pgfmathfunctio
ns.misc.code.tex)
(C:\Users\mbd\AppData\Local\Programs\MiKTeX\tex/generic/pgf/math\pgfmathfunctio
ns.integerarithmetics.code.tex)))
(C:\Users\mbd\AppData\Local\Programs\MiKTeX\tex/generic/pgf/math\pgfmathfloat.c
ode.tex
\c@pgfmathroundto@lastzeros=\count198
))
(C:\Users\mbd\AppData\Local\Programs\MiKTeX\tex/generic/pgf/math\pgfint.code.te
x)
(C:\Users\mbd\AppData\Local\Programs\MiKTeX\tex/generic/pgf/basiclayer\pgfcorep
oints.code.tex
File: pgfcorepoints.code.tex 2020/01/08 v3.1.5b (3.1.5b)
\pgf@picminx=\dimen160
\pgf@picmaxx=\dimen161
\pgf@picminy=\dimen162
\pgf@picmaxy=\dimen163
\pgf@pathminx=\dimen164
\pgf@pathmaxx=\dimen165
\pgf@pathminy=\dimen166
\pgf@pathmaxy=\dimen167
\pgf@xx=\dimen168
\pgf@xy=\dimen169
\pgf@yx=\dimen170
\pgf@yy=\dimen171
\pgf@zx=\dimen172
\pgf@zy=\dimen173
)
(C:\Users\mbd\AppData\Local\Programs\MiKTeX\tex/generic/pgf/basiclayer\pgfcorep
athconstruct.code.tex
File: pgfcorepathconstruct.code.tex 2020/01/08 v3.1.5b (3.1.5b)
\pgf@path@lastx=\dimen174
\pgf@path@lasty=\dimen175
)
(C:\Users\mbd\AppData\Local\Programs\MiKTeX\tex/generic/pgf/basiclayer\pgfcorep
athusage.code.tex
File: pgfcorepathusage.code.tex 2020/01/08 v3.1.5b (3.1.5b)
\pgf@shorten@end@additional=\dimen176
\pgf@shorten@start@additional=\dimen177
)
(C:\Users\mbd\AppData\Local\Programs\MiKTeX\tex/generic/pgf/basiclayer\pgfcores
copes.code.tex
File: pgfcorescopes.code.tex 2020/01/08 v3.1.5b (3.1.5b)
\pgfpic=\box49
\pgf@hbox=\box50
\pgf@layerbox@main=\box51
\pgf@picture@serial@count=\count199
)
(C:\Users\mbd\AppData\Local\Programs\MiKTeX\tex/generic/pgf/basiclayer\pgfcoreg
raphicstate.code.tex
File: pgfcoregraphicstate.code.tex 2020/01/08 v3.1.5b (3.1.5b)
\pgflinewidth=\dimen178
)
(C:\Users\mbd\AppData\Local\Programs\MiKTeX\tex/generic/pgf/basiclayer\pgfcoret
ransformations.code.tex
File: pgfcoretransformations.code.tex 2020/01/08 v3.1.5b (3.1.5b)
\pgf@pt@x=\dimen179
\pgf@pt@y=\dimen180
\pgf@pt@temp=\dimen181
)
(C:\Users\mbd\AppData\Local\Programs\MiKTeX\tex/generic/pgf/basiclayer\pgfcoreq
uick.code.tex
File: pgfcorequick.code.tex 2020/01/08 v3.1.5b (3.1.5b)
)
(C:\Users\mbd\AppData\Local\Programs\MiKTeX\tex/generic/pgf/basiclayer\pgfcoreo
bjects.code.tex
File: pgfcoreobjects.code.tex 2020/01/08 v3.1.5b (3.1.5b)
)
(C:\Users\mbd\AppData\Local\Programs\MiKTeX\tex/generic/pgf/basiclayer\pgfcorep
athprocessing.code.tex
File: pgfcorepathprocessing.code.tex 2020/01/08 v3.1.5b (3.1.5b)
)
(C:\Users\mbd\AppData\Local\Programs\MiKTeX\tex/generic/pgf/basiclayer\pgfcorea
rrows.code.tex
File: pgfcorearrows.code.tex 2020/01/08 v3.1.5b (3.1.5b)
\pgfarrowsep=\dimen182
)
(C:\Users\mbd\AppData\Local\Programs\MiKTeX\tex/generic/pgf/basiclayer\pgfcores
hade.code.tex
File: pgfcoreshade.code.tex 2020/01/08 v3.1.5b (3.1.5b)
\pgf@max=\dimen183
\pgf@sys@shading@range@num=\count266
\pgf@shadingcount=\count267
)
(C:\Users\mbd\AppData\Local\Programs\MiKTeX\tex/generic/pgf/basiclayer\pgfcorei
mage.code.tex
File: pgfcoreimage.code.tex 2020/01/08 v3.1.5b (3.1.5b)

(C:\Users\mbd\AppData\Local\Programs\MiKTeX\tex/generic/pgf/basiclayer\pgfcoree
xternal.code.tex
File: pgfcoreexternal.code.tex 2020/01/08 v3.1.5b (3.1.5b)
\pgfexternal@startupbox=\box52
))
(C:\Users\mbd\AppData\Local\Programs\MiKTeX\tex/generic/pgf/basiclayer\pgfcorel
ayers.code.tex
File: pgfcorelayers.code.tex 2020/01/08 v3.1.5b (3.1.5b)
)
(C:\Users\mbd\AppData\Local\Programs\MiKTeX\tex/generic/pgf/basiclayer\pgfcoret
ransparency.code.tex
File: pgfcoretransparency.code.tex 2020/01/08 v3.1.5b (3.1.5b)
)
(C:\Users\mbd\AppData\Local\Programs\MiKTeX\tex/generic/pgf/basiclayer\pgfcorep
atterns.code.tex
File: pgfcorepatterns.code.tex 2020/01/08 v3.1.5b (3.1.5b)
)
(C:\Users\mbd\AppData\Local\Programs\MiKTeX\tex/generic/pgf/basiclayer\pgfcorer
df.code.tex
File: pgfcorerdf.code.tex 2020/01/08 v3.1.5b (3.1.5b)
)))
(C:\Users\mbd\AppData\Local\Programs\MiKTeX\tex/generic/pgf/modules\pgfmodulesh
apes.code.tex
File: pgfmoduleshapes.code.tex 2020/01/08 v3.1.5b (3.1.5b)
\pgfnodeparttextbox=\box53
)
(C:\Users\mbd\AppData\Local\Programs\MiKTeX\tex/generic/pgf/modules\pgfmodulepl
ot.code.tex
File: pgfmoduleplot.code.tex 2020/01/08 v3.1.5b (3.1.5b)
)
(C:\Users\mbd\AppData\Local\Programs\MiKTeX\tex/latex/pgf/compatibility\pgfcomp
-version-0-65.sty
Package: pgfcomp-version-0-65 2020/01/08 v3.1.5b (3.1.5b)
\pgf@nodesepstart=\dimen184
\pgf@nodesepend=\dimen185
)
(C:\Users\mbd\AppData\Local\Programs\MiKTeX\tex/latex/pgf/compatibility\pgfcomp
-version-1-18.sty
Package: pgfcomp-version-1-18 2020/01/08 v3.1.5b (3.1.5b)
))
(C:\Users\mbd\AppData\Local\Programs\MiKTeX\tex/latex/pgf/utilities\pgffor.sty
(C:\Users\mbd\AppData\Local\Programs\MiKTeX\tex/latex/pgf/utilities\pgfkeys.sty

(C:\Users\mbd\AppData\Local\Programs\MiKTeX\tex/generic/pgf/utilities\pgfkeys.c
ode.tex))
(C:\Users\mbd\AppData\Local\Programs\MiKTeX\tex/latex/pgf/math\pgfmath.sty
(C:\Users\mbd\AppData\Local\Programs\MiKTeX\tex/generic/pgf/math\pgfmath.code.t
ex))
(C:\Users\mbd\AppData\Local\Programs\MiKTeX\tex/generic/pgf/utilities\pgffor.co
de.tex
Package: pgffor 2020/01/08 v3.1.5b (3.1.5b)

(C:\Users\mbd\AppData\Local\Programs\MiKTeX\tex/generic/pgf/math\pgfmath.code.t
ex)
\pgffor@iter=\dimen186
\pgffor@skip=\dimen187
\pgffor@stack=\toks35
\pgffor@toks=\toks36
))
(C:\Users\mbd\AppData\Local\Programs\MiKTeX\tex/generic/pgf/frontendlayer/tikz\
tikz.code.tex
Package: tikz 2020/01/08 v3.1.5b (3.1.5b)

(C:\Users\mbd\AppData\Local\Programs\MiKTeX\tex/generic/pgf/libraries\pgflibrar
yplothandlers.code.tex
File: pgflibraryplothandlers.code.tex 2020/01/08 v3.1.5b (3.1.5b)
\pgf@plot@mark@count=\count268
\pgfplotmarksize=\dimen188
)
\tikz@lastx=\dimen189
\tikz@lasty=\dimen190
\tikz@lastxsaved=\dimen191
\tikz@lastysaved=\dimen192
\tikz@lastmovetox=\dimen193
\tikz@lastmovetoy=\dimen194
\tikzleveldistance=\dimen195
\tikzsiblingdistance=\dimen196
\tikz@figbox=\box54
\tikz@figbox@bg=\box55
\tikz@tempbox=\box56
\tikz@tempbox@bg=\box57
\tikztreelevel=\count269
\tikznumberofchildren=\count270
\tikznumberofcurrentchild=\count271
\tikz@fig@count=\count272

(C:\Users\mbd\AppData\Local\Programs\MiKTeX\tex/generic/pgf/modules\pgfmodulema
trix.code.tex
File: pgfmodulematrix.code.tex 2020/01/08 v3.1.5b (3.1.5b)
\pgfmatrixcurrentrow=\count273
\pgfmatrixcurrentcolumn=\count274
\pgf@matrix@numberofcolumns=\count275
)
\tikz@expandcount=\count276

(C:\Users\mbd\AppData\Local\Programs\MiKTeX\tex/generic/pgf/frontendlayer/tikz/
libraries\tikzlibrarytopaths.code.tex
File: tikzlibrarytopaths.code.tex 2020/01/08 v3.1.5b (3.1.5b)
)))
(C:\Users\mbd\AppData\Local\Programs\MiKTeX\tex/generic/pgf/frontendlayer/tikz/
libraries\tikzlibrarypositioning.code.tex
File: tikzlibrarypositioning.code.tex 2020/01/08 v3.1.5b (3.1.5b)
)
(C:\Users\mbd\AppData\Local\Programs\MiKTeX\tex/generic/pgf/frontendlayer/tikz/
libraries\tikzlibraryshadows.code.tex
File: tikzlibraryshadows.code.tex 2020/01/08 v3.1.5b (3.1.5b)

(C:\Users\mbd\AppData\Local\Programs\MiKTeX\tex/generic/pgf/frontendlayer/tikz/
libraries\tikzlibraryfadings.code.tex
File: tikzlibraryfadings.code.tex 2020/01/08 v3.1.5b (3.1.5b)

(C:\Users\mbd\AppData\Local\Programs\MiKTeX\tex/generic/pgf/libraries\pgflibrar
yfadings.code.tex
File: pgflibraryfadings.code.tex 2020/01/08 v3.1.5b (3.1.5b)
)))
(C:\Users\mbd\AppData\Local\Programs\MiKTeX\tex/latex/tools\calc.sty
Package: calc 2017/05/25 v4.3 Infix arithmetic (KKT,FJ)
\calc@Acount=\count277
\calc@Bcount=\count278
\calc@Adimen=\dimen197
\calc@Bdimen=\dimen198
\calc@Askip=\skip52
\calc@Bskip=\skip53
LaTeX Info: Redefining \setlength on input line 80.
LaTeX Info: Redefining \addtolength on input line 81.
\calc@Ccount=\count279
\calc@Cskip=\skip54
)
\c@@todonotes@numberoftodonotes=\count280
)
(C:\Users\mbd\AppData\Local\Programs\MiKTeX\tex/latex/was\gensymb.sty
Package: gensymb 2003/07/02 v1.0 (WaS)
)
(C:\Users\mbd\AppData\Local\Programs\MiKTeX\tex/latex/url\url.sty
\Urlmuskip=\muskip17
Package: url 2013/09/16  ver 3.4  Verb mode for urls, etc.
)
(C:\Users\mbd\AppData\Local\Programs\MiKTeX\tex/latex/geometry\geometry.sty
Package: geometry 2020/01/02 v5.9 Page Geometry

(C:\Users\mbd\AppData\Local\Programs\MiKTeX\tex/generic/iftex\ifvtex.sty
Package: ifvtex 2019/10/25 v1.7 ifvtex legacy package. Use iftex instead.

(C:\Users\mbd\AppData\Local\Programs\MiKTeX\tex/generic/iftex\iftex.sty
Package: iftex 2020/03/06 v1.0d TeX engine tests
))
\Gm@cnth=\count281
\Gm@cntv=\count282
\c@Gm@tempcnt=\count283
\Gm@bindingoffset=\dimen199
\Gm@wd@mp=\dimen256
\Gm@odd@mp=\dimen257
\Gm@even@mp=\dimen258
\Gm@layoutwidth=\dimen259
\Gm@layoutheight=\dimen260
\Gm@layouthoffset=\dimen261
\Gm@layoutvoffset=\dimen262
\Gm@dimlist=\toks37

(C:\Users\mbd\AppData\Local\Programs\MiKTeX\tex/latex/geometry\geometry.cfg))
(C:\Users\mbd\AppData\Local\Programs\MiKTeX\tex/latex/was\upgreek.sty
Package: upgreek 2003/02/12 v2.0 (WaS)
Package upgreek Info: Using Euler Roman for upright Greek on input line 31.
\symugrf@m=\mathgroup4
LaTeX Font Info:    Overwriting symbol font `ugrf@m' in version `bold'
(Font)                  U/eur/m/n --> U/eur/b/n on input line 38.
)
(C:\Users\mbd\AppData\Local\Programs\MiKTeX\tex/latex/setspace\setspace.sty
Package: setspace 2011/12/19 v6.7a set line spacing
)
(C:\Users\mbd\AppData\Local\Programs\MiKTeX\tex/latex/caption\caption.sty
Package: caption 2020/09/02 v3.5a Customizing captions (AR)

(C:\Users\mbd\AppData\Local\Programs\MiKTeX\tex/latex/caption\caption3.sty
Package: caption3 2020/08/30 v2.0 caption3 kernel (AR)
\captionmargin=\dimen263
\captionmargin@=\dimen264
\captionwidth=\dimen265
\caption@tempdima=\dimen266
\caption@indent=\dimen267
\caption@parindent=\dimen268
\caption@hangindent=\dimen269
Package caption Info: Standard document class detected.
)
\c@caption@flags=\count284
\c@continuedfloat=\count285
)
(C:\Users\mbd\AppData\Local\Programs\MiKTeX\tex/latex/caption\subcaption.sty
Package: subcaption 2020/08/23 v1.3g Sub-captions (AR)
\c@subfigure=\count286
\c@subtable=\count287
)
(C:\Users\mbd\AppData\Local\Programs\MiKTeX\tex/latex/float\float.sty
Package: float 2001/11/08 v1.3d Float enhancements (AL)
\c@float@type=\count288
\float@exts=\toks38
\float@box=\box58
\@float@everytoks=\toks39
\@floatcapt=\box59
)
(C:\Users\mbd\AppData\Local\Programs\MiKTeX\tex/latex/l3backend\l3backend-pdfmo
de.def
File: l3backend-pdfmode.def 2020-06-29 L3 backend support: PDF mode
\l__kernel_color_stack_int=\count289
\l__pdf_internal_box=\box60
)

LaTeX Warning: Unused global option(s):
    [Ariel].

(FullProposalMD.aux)
\openout1 = `FullProposalMD.aux'.

LaTeX Font Info:    Checking defaults for OML/cmm/m/it on input line 20.
LaTeX Font Info:    ... okay on input line 20.
LaTeX Font Info:    Checking defaults for OMS/cmsy/m/n on input line 20.
LaTeX Font Info:    ... okay on input line 20.
LaTeX Font Info:    Checking defaults for OT1/cmr/m/n on input line 20.
LaTeX Font Info:    ... okay on input line 20.
LaTeX Font Info:    Checking defaults for T1/cmr/m/n on input line 20.
LaTeX Font Info:    ... okay on input line 20.
LaTeX Font Info:    Checking defaults for TS1/cmr/m/n on input line 20.
LaTeX Font Info:    ... okay on input line 20.
LaTeX Font Info:    Checking defaults for OMX/cmex/m/n on input line 20.
LaTeX Font Info:    ... okay on input line 20.
LaTeX Font Info:    Checking defaults for U/cmr/m/n on input line 20.
LaTeX Font Info:    ... okay on input line 20.

(C:\Users\mbd\AppData\Local\Programs\MiKTeX\tex/context/base/mkii\supp-pdf.mkii
[Loading MPS to PDF converter (version 2006.09.02).]
\scratchcounter=\count290
\scratchdimen=\dimen270
\scratchbox=\box61
\nofMPsegments=\count291
\nofMParguments=\count292
\everyMPshowfont=\toks40
\MPscratchCnt=\count293
\MPscratchDim=\dimen271
\MPnumerator=\count294
\makeMPintoPDFobject=\count295
\everyMPtoPDFconversion=\toks41
)
(C:\Users\mbd\AppData\Local\Programs\MiKTeX\tex/latex/epstopdf-pkg\epstopdf-bas
e.sty
Package: epstopdf-base 2020-01-24 v2.11 Base part for package epstopdf
Package epstopdf-base Info: Redefining graphics rule for `.eps' on input line 4
85.
) ABD: EveryShipout initializing macros

Package todonotes Warning: The length marginparwidth is less than 2cm and will 
most likely cause issues with the appearance of inserted todonotes. The issue c
an be solved by adding a line like \setlength {\marginparwidth }{2cm} prior to 
loading the todonotes package. on input line 20.

LaTeX Info: Redefining \celsius on input line 20.
Package gensymb Info: Faking symbols for \degree and \celsius on input line 20.


Package gensymb Warning: Not defining \perthousand.

LaTeX Info: Redefining \ohm on input line 20.
Package gensymb Info: Using \Omega for \ohm on input line 20.

Package gensymb Warning: Not defining \micro.

*geometry* driver: auto-detecting
*geometry* detected driver: pdftex
*geometry* verbose mode - [ preamble ] result:
* driver: pdftex
* paper: a4paper
* layout: <same size as paper>
* layoutoffset:(h,v)=(0.0pt,0.0pt)
* modes: 
* h-part:(L,W,R)=(81.94394pt, 433.62pt, 81.94394pt)
* v-part:(T,H,B)=(106.75473pt, 578.15999pt, 160.13213pt)
* \paperwidth=597.50787pt
* \paperheight=845.04684pt
* \textwidth=433.62pt
* \textheight=578.15999pt
* \oddsidemargin=9.67395pt
* \evensidemargin=9.67395pt
* \topmargin=-2.51526pt
* \headheight=12.0pt
* \headsep=25.0pt
* \topskip=12.0pt
* \footskip=30.0pt
* \marginparwidth=35.0pt
* \marginparsep=10.0pt
* \columnsep=10.0pt
* \skip\footins=10.8pt plus 4.0pt minus 2.0pt
* \hoffset=0.0pt
* \voffset=0.0pt
* \mag=1000
* \@twocolumnfalse
* \@twosidefalse
* \@mparswitchfalse
* \@reversemarginfalse
* (1in=72.27pt=25.4mm, 1cm=28.453pt)

Package caption Info: Begin \AtBeginDocument code.
Package caption Info: float package is loaded.
Package caption Info: End \AtBeginDocument code.
[1

{C:/Users/mbd/AppData/Local/MiKTeX/pdftex/config/pdftex.map}]
(FullProposalMD.toc)
\tf@toc=\write4
\openout4 = `FullProposalMD.toc'.

 [1]
Underfull \hbox (badness 10000) in paragraph at lines 64--65

 []


LaTeX Warning: Citation `Cross2015' on page 2 undefined on input line 67.


Underfull \hbox (badness 10000) in paragraph at lines 67--68

 []


Underfull \hbox (badness 10000) in paragraph at lines 70--71

 []

[2]

LaTeX Warning: Citation `Ringuette2002' on page 3 undefined on input line 72.


LaTeX Warning: Citation `Basedow2016' on page 3 undefined on input line 72.


Underfull \hbox (badness 10000) in paragraph at lines 72--73

 []


LaTeX Warning: Citation `Ludvigsen2018' on page 3 undefined on input line 74.


LaTeX Warning: Citation `Ona2007' on page 3 undefined on input line 74.


LaTeX Warning: Citation `DeRobertis2019' on page 3 undefined on input line 74.


LaTeX Warning: Citation `Berge2020' on page 3 undefined on input line 74.


Underfull \hbox (badness 10000) in paragraph at lines 74--75

 []


LaTeX Warning: Citation `Rudels1994' on page 3 undefined on input line 80.

[3]

LaTeX Warning: Citation `Ingvaldsen2002' on page 4 undefined on input line 83.


LaTeX Warning: Reference `fig:currentsmap' on page 4 undefined on input line 83
.

LaTeX Font Info:    Trying to load font information for OML+cmr on input line 8
3.
(C:\Users\mbd\AppData\Local\Programs\MiKTeX\tex/latex/base\omlcmr.fd
File: omlcmr.fd 2019/12/16 v2.5j Standard LaTeX font definitions
)
LaTeX Font Info:    Font shape `OML/cmr/m/n' in size <12> not available
(Font)              Font shape `OML/cmm/m/it' tried instead on input line 83.


LaTeX Warning: Citation `Sakshaug2009' on page 4 undefined on input line 83.


LaTeX Warning: Reference `fig:currentsmap' on page 4 undefined on input line 83
.


Underfull \hbox (badness 10000) in paragraph at lines 83--84

 []

<CurrentsMap.png, id=43, 378.213pt x 293.898pt>
File: CurrentsMap.png Graphic file (type png)
<use CurrentsMap.png>
Package pdftex.def Info: CurrentsMap.png  used on input line 86.
(pdftex.def)             Requested size: 433.62pt x 336.97104pt.

LaTeX Warning: Citation `Oziel2016' on page 4 undefined on input line 88.


LaTeX Warning: Citation `Oziel2016' on page 4 undefined on input line 88.

[4]

LaTeX Warning: Reference `fig:currentsmap' on page 5 undefined on input line 93
.


Underfull \hbox (badness 10000) in paragraph at lines 93--94

 []


LaTeX Warning: Reference `fig:currentsmap' on page 5 undefined on input line 95
.


LaTeX Warning: Citation `Sakshaug2009' on page 5 undefined on input line 95.


Underfull \hbox (badness 10000) in paragraph at lines 95--96

 []

[5 <./CurrentsMap.png>]
<OzielWaterMass.png, id=54, 509.832pt x 331.785pt>
File: OzielWaterMass.png Graphic file (type png)
<use OzielWaterMass.png>
Package pdftex.def Info: OzielWaterMass.png  used on input line 98.
(pdftex.def)             Requested size: 433.62pt x 282.19576pt.


LaTeX Warning: Citation `Oziel2016' on page 6 undefined on input line 99.


LaTeX Warning: Citation `Oziel2016' on page 6 undefined on input line 99.


LaTeX Warning: Reference `fig:iceextent' on page 6 undefined on input line 104.



LaTeX Warning: Citation `Parsons1996' on page 6 undefined on input line 104.


LaTeX Warning: Citation `Vaage2014' on page 6 undefined on input line 104.


LaTeX Warning: Citation `Oziel2016' on page 6 undefined on input line 104.


LaTeX Warning: Reference `fig:iceextent' on page 6 undefined on input line 104.



LaTeX Warning: Citation `Reigstad2002' on page 6 undefined on input line 104.


LaTeX Warning: Citation `Chapman1992' on page 6 undefined on input line 104.


LaTeX Warning: Citation `Hop2020' on page 6 undefined on input line 104.


Underfull \hbox (badness 10000) in paragraph at lines 104--105

 []

[6 <./OzielWaterMass.png>]

LaTeX Warning: Citation `Skjoldal1987' on page 7 undefined on input line 106.


LaTeX Warning: Citation `Oziel2016' on page 7 undefined on input line 106.


LaTeX Warning: Reference `fig:polarfront' on page 7 undefined on input line 106
.


LaTeX Warning: Citation `Pfirman1994' on page 7 undefined on input line 106.


LaTeX Warning: Citation `Rudels1994' on page 7 undefined on input line 106.


LaTeX Warning: Reference `fig:polarfront' on page 7 undefined on input line 106
.


LaTeX Warning: Citation `Oziel2016' on page 7 undefined on input line 106.


Underfull \hbox (badness 10000) in paragraph at lines 106--107

 []

<IceExtent18032020.png, id=60, 681.2652pt x 527.571pt>
File: IceExtent18032020.png Graphic file (type png)
<use IceExtent18032020.png>
Package pdftex.def Info: IceExtent18032020.png  used on input line 110.
(pdftex.def)             Requested size: 433.62pt x 335.80083pt.
[7]

LaTeX Warning: Reference `fig:feedback' on page 8 undefined on input line 116.


Underfull \hbox (badness 10000) in paragraph at lines 116--117

 []

[8 <./IceExtent18032020.png>]
<BSfeedbackloops.png, id=68, 744.381pt x 332.9238pt>
File: BSfeedbackloops.png Graphic file (type png)
<use BSfeedbackloops.png>
Package pdftex.def Info: BSfeedbackloops.png  used on input line 119.
(pdftex.def)             Requested size: 433.62pt x 193.93413pt.


LaTeX Warning: Reference `fig:feedback' on page 9 undefined on input line 125.


Underfull \hbox (badness 10000) in paragraph at lines 125--126

 []


LaTeX Warning: Citation `Serreze2007' on page 9 undefined on input line 127.


LaTeX Warning: Citation `Skagseth2008' on page 9 undefined on input line 127.


LaTeX Warning: Citation `Aarthun2012' on page 9 undefined on input line 127.


LaTeX Warning: Citation `Aarthun2012' on page 9 undefined on input line 127.


LaTeX Warning: Citation `Aarthun2012' on page 9 undefined on input line 127.


LaTeX Warning: Citation `Polyakov2017' on page 9 undefined on input line 127.


Underfull \hbox (badness 10000) in paragraph at lines 127--128

 []

[9 <./BSfeedbackloops.png>]

LaTeX Warning: Citation `Post2013' on page 10 undefined on input line 133.


LaTeX Warning: Citation `Hansen1990' on page 10 undefined on input line 133.


Underfull \hbox (badness 10000) in paragraph at lines 133--134

 []


LaTeX Warning: Citation `Skjoldal1987' on page 10 undefined on input line 136.


LaTeX Warning: Citation `Sakshaug2009' on page 10 undefined on input line 136.


Underfull \hbox (badness 10000) in paragraph at lines 136--137

 []

[10]

LaTeX Warning: Citation `Reigstad2002' on page 11 undefined on input line 138.


LaTeX Warning: Citation `Sakshaug2009' on page 11 undefined on input line 138.


LaTeX Warning: Citation `Sakshaug2009' on page 11 undefined on input line 138.


LaTeX Warning: Citation `Arrigo2008' on page 11 undefined on input line 138.


LaTeX Warning: Citation `Ardyna2011' on page 11 undefined on input line 138.


LaTeX Warning: Citation `Tremblay2012' on page 11 undefined on input line 138.


LaTeX Warning: Citation `Ardyna2011' on page 11 undefined on input line 138.


LaTeX Warning: Citation `Rey1987' on page 11 undefined on input line 142.


LaTeX Warning: Citation `Sakshaug2009' on page 11 undefined on input line 142.

[11]

LaTeX Warning: Citation `Welch1992' on page 12 undefined on input line 145.


LaTeX Warning: Citation `Eriksen2015' on page 12 undefined on input line 145.


LaTeX Warning: Citation `Hop2013' on page 12 undefined on input line 145.


LaTeX Warning: Citation `Eriksen2019' on page 12 undefined on input line 145.


LaTeX Warning: Citation `Huserbraaten2019' on page 12 undefined on input line 1
45.


Underfull \hbox (badness 10000) in paragraph at lines 145--146

 []


LaTeX Warning: Citation `Bouchard2011' on page 12 undefined on input line 147.


LaTeX Warning: Citation `Bouchard2015' on page 12 undefined on input line 147.


LaTeX Warning: Citation `Bouchard2017' on page 12 undefined on input line 147.


LaTeX Warning: Citation `Bouchard2017' on page 12 undefined on input line 147.


LaTeX Warning: Citation `Cushing1994' on page 12 undefined on input line 147.


LaTeX Warning: Citation `Eriksen2019' on page 12 undefined on input line 147.


Overfull \hbox (7.32681pt too wide) in paragraph at lines 147--148
\OT1/cmr/m/n/12 ria: ice cover for egg pro-tec-tion and light avail-abil-ity fo
r lar-val feed-ing, match/mismatch
 []


Underfull \hbox (badness 10000) in paragraph at lines 147--148

 []

[12]

LaTeX Warning: Citation `Eriksen2015' on page 13 undefined on input line 149.


LaTeX Warning: Reference `fig:whalers' on page 13 undefined on input line 163.


LaTeX Warning: Citation `Falk-Petersen2015' on page 13 undefined on input line 
163.


LaTeX Warning: Citation `Basedow2019' on page 13 undefined on input line 163.


LaTeX Warning: Reference `fig:whalers' on page 13 undefined on input line 163.

[13]
<SB2019WhalersBay.png, id=88, 320.397pt x 357.4956pt>
File: SB2019WhalersBay.png Graphic file (type png)
<use SB2019WhalersBay.png>
Package pdftex.def Info: SB2019WhalersBay.png  used on input line 168.
(pdftex.def)             Requested size: 260.17464pt x 290.31717pt.
 [14 <./SB2019WhalersBay.png>]
File: SB2019WhalersBay.png Graphic file (type png)
<use SB2019WhalersBay.png>
Package pdftex.def Info: SB2019WhalersBay.png  used on input line 196.
(pdftex.def)             Requested size: 260.17464pt x 290.31717pt.
 [15] [16]

LaTeX Warning: Citation `Korneliussen2018' on page 17 undefined on input line 2
13.


LaTeX Warning: Citation `Bassett2017' on page 17 undefined on input line 213.


LaTeX Warning: Citation `Bassett2017' on page 17 undefined on input line 213.


Underfull \hbox (badness 10000) in paragraph at lines 213--214

 []


LaTeX Warning: Citation `DeRobertis2019' on page 17 undefined on input line 215
.


Overfull \hbox (7.16154pt too wide) in paragraph at lines 215--216
[]\OT1/cmr/m/n/12 Broadband echosounder mea-sure-ments are fa-vored in high-lat
itudes where backscat-
 []

[17]
Overfull \hbox (3.7324pt too wide) in paragraph at lines 231--232
[]\OT1/cmr/m/n/12 Identify the sig-nal in sur-vey ves-sel mounted and Sail-buoy
 broad-band echosounder
 []


LaTeX Warning: Citation `Foote1990' on page 18 undefined on input line 239.

[18]

LaTeX Warning: Citation `BenoitBird2020' on page 19 undefined on input line 242
.


LaTeX Warning: Citation `Bouchard2017' on page 19 undefined on input line 249.


LaTeX Warning: Citation `LeBlanc2019' on page 19 undefined on input line 249.


LaTeX Warning: Citation `Bouchard2016' on page 19 undefined on input line 249.


Underfull \hbox (badness 10000) in paragraph at lines 249--250

 []

[19]
Overfull \hbox (7.38792pt too wide) in paragraph at lines 267--268
[]\OT1/cmr/m/n/12 Use the re-duced blind zone of the Sail-buoy to quan-tify abu
n-dance in the epipelagic
 []

[20]

LaTeX Warning: Citation `Bouchard2017' on page 21 undefined on input line 275.


LaTeX Warning: Citation `LeBlanc2019' on page 21 undefined on input line 275.

<timeline.png, id=113, 694.09312pt x 696.35156pt>
File: timeline.png Graphic file (type png)
<use timeline.png>
Package pdftex.def Info: timeline.png  used on input line 285.
(pdftex.def)             Requested size: 433.62pt x 435.04865pt.
[21] (FullProposalMD.bbl [22 <./timeline.png>] [23]) [24] (FullProposalMD.aux)

LaTeX Warning: There were undefined references.


LaTeX Warning: Label(s) may have changed. Rerun to get cross-references right.

 ) 
Here is how much of TeX's memory you used:
 15627 strings out of 480790
 307970 string characters out of 2898239
 545126 words of memory out of 3000000
 31328 multiletter control sequences out of 15000+200000
 538799 words of font info for 46 fonts, out of 3000000 for 9000
 1141 hyphenation exceptions out of 8191
 68i,6n,97p,1595b,374s stack positions out of 5000i,500n,10000p,200000b,50000s
 <C:\Users\mbd\AppData\Local\MiKTeX\fonts/pk/ljfour/jknappen/ec/dpi600\tcrm12
00.pk><C:/Users/mbd/AppData/Local/Programs/MiKTeX/fonts/type1/public/amsfonts/c
m/cmbx12.pfb><C:/Users/mbd/AppData/Local/Programs/MiKTeX/fonts/type1/public/ams
fonts/cm/cmmi12.pfb><C:/Users/mbd/AppData/Local/Programs/MiKTeX/fonts/type1/pub
lic/amsfonts/cm/cmr12.pfb><C:/Users/mbd/AppData/Local/Programs/MiKTeX/fonts/typ
e1/public/amsfonts/cm/cmsy10.pfb><C:/Users/mbd/AppData/Local/Programs/MiKTeX/fo
nts/type1/public/amsfonts/cm/cmsy8.pfb><C:/Users/mbd/AppData/Local/Programs/MiK
TeX/fonts/type1/public/amsfonts/cm/cmti12.pfb>
Output written on FullProposalMD.pdf (25 pages, 1999453 bytes).
PDF statistics:
 152 PDF objects out of 1000 (max. 8388607)
 0 named destinations out of 1000 (max. 500000)
 139 words of extra memory for PDF output out of 10000 (max. 10000000)

